<?xml version="1.0" encoding="UTF-8"?>
<!-- Generated by org.testng.reporters.JUnitReportReporter -->
<testsuite hostname="LAPTOP-HBH5MC6I" failures="0" tests="1" name="com.hrms.testscripts.TC001" time="6.157" errors="0" timestamp="18 Oct 2022 06:53:36 GMT">
  <testcase classname="com.hrms.testscripts.TC001" name="tc001" time="6.157"/>
</testsuite> <!-- com.hrms.testscripts.TC001 -->
